-------------------------------------------------------------------------------
Test set: com.mycompany.app.YandexTest
-------------------------------------------------------------------------------
Tests run: 1, Failures: 1, Errors: 0, Skipped: 0, Time elapsed: 29.431 sec <<< FAILURE!
scenario(com.mycompany.app.YandexTest)  Time elapsed: 29.388 sec  <<< FAILURE!
Element not found {by text: Apple iPhone 5S 16Gb}
Expected: visible
Screenshot: file:/C:/Users/atugushev/IdeaProjects/yandex-test/build/reports/tests/1456916923378.0.png
Timeout: 4 s.
Caused by: NoSuchElementException: Unable to locate element: {"method":"xpath","selector":".//*/text()[normalize-space(.) = \"Apple iPhone 5S 16Gb\"]/parent::*"}
	at com.codeborne.selenide.impl.WebElementSource.createElementNotFoundError(WebElementSource.java:31)
	at com.codeborne.selenide.impl.ElementFinder.createElementNotFoundError(ElementFinder.java:82)
	at com.codeborne.selenide.impl.WebElementSource.checkCondition(WebElementSource.java:59)
	at com.codeborne.selenide.impl.WebElementSource.findAndAssertElementIsVisible(WebElementSource.java:72)
	at com.codeborne.selenide.commands.Click.execute(Click.java:14)
	at com.codeborne.selenide.commands.Click.execute(Click.java:11)
	at com.codeborne.selenide.commands.Commands.execute(Commands.java:136)
	at com.codeborne.selenide.impl.SelenideElementProxy.dispatchAndRetry(SelenideElementProxy.java:79)
	at com.codeborne.selenide.impl.SelenideElementProxy.invoke(SelenideElementProxy.java:56)
	at com.sun.proxy.$Proxy2.click(Unknown Source)
	at com.mycompany.app.YandexTest.click(YandexTest.java:50)
	at com.mycompany.app.YandexTest.scenario(YandexTest.java:42)
	at sun.reflect.NativeMethodAccessorImpl.invoke0(Native Method)
	at sun.reflect.NativeMethodAccessorImpl.invoke(NativeMethodAccessorImpl.java:57)
	at sun.reflect.DelegatingMethodAccessorImpl.invoke(DelegatingMethodAccessorImpl.java:43)
	at java.lang.reflect.Method.invoke(Method.java:606)
	at org.junit.runners.model.FrameworkMethod$1.runReflectiveCall(FrameworkMethod.java:47)
	at org.junit.internal.runners.model.ReflectiveCallable.run(ReflectiveCallable.java:12)
	at org.junit.runners.model.FrameworkMethod.invokeExplosively(FrameworkMethod.java:44)
	at org.junit.internal.runners.statements.InvokeMethod.evaluate(InvokeMethod.java:17)
	at org.junit.runners.ParentRunner.runLeaf(ParentRunner.java:271)
	at org.junit.runners.BlockJUnit4ClassRunner.runChild(BlockJUnit4ClassRunner.java:70)
	at org.junit.runners.BlockJUnit4ClassRunner.runChild(BlockJUnit4ClassRunner.java:50)
	at org.junit.runners.ParentRunner$3.run(ParentRunner.java:238)
	at org.junit.runners.ParentRunner$1.schedule(ParentRunner.java:63)
	at org.junit.runners.ParentRunner.runChildren(ParentRunner.java:236)
	at org.junit.runners.ParentRunner.access$000(ParentRunner.java:53)
	at org.junit.runners.ParentRunner$2.evaluate(ParentRunner.java:229)
	at org.junit.runners.ParentRunner.run(ParentRunner.java:309)
	at org.apache.maven.surefire.junit4.JUnit4Provider.execute(JUnit4Provider.java:252)
	at org.apache.maven.surefire.junit4.JUnit4Provider.executeTestSet(JUnit4Provider.java:141)
	at org.apache.maven.surefire.junit4.JUnit4Provider.invoke(JUnit4Provider.java:112)
	at sun.reflect.NativeMethodAccessorImpl.invoke0(Native Method)
	at sun.reflect.NativeMethodAccessorImpl.invoke(NativeMethodAccessorImpl.java:57)
	at sun.reflect.DelegatingMethodAccessorImpl.invoke(DelegatingMethodAccessorImpl.java:43)
	at java.lang.reflect.Method.invoke(Method.java:606)
	at org.apache.maven.surefire.util.ReflectionUtils.invokeMethodWithArray(ReflectionUtils.java:189)
	at org.apache.maven.surefire.booter.ProviderFactory$ProviderProxy.invoke(ProviderFactory.java:165)
	at org.apache.maven.surefire.booter.ProviderFactory.invokeProvider(ProviderFactory.java:85)
	at org.apache.maven.surefire.booter.ForkedBooter.runSuitesInProcess(ForkedBooter.java:115)
	at org.apache.maven.surefire.booter.ForkedBooter.main(ForkedBooter.java:75)
Caused by: org.openqa.selenium.NoSuchElementException: Unable to locate element: {"method":"xpath","selector":".//*/text()[normalize-space(.) = \"Apple iPhone 5S 16Gb\"]/parent::*"}
Command duration or timeout: 61 milliseconds
For documentation on this error, please visit: http://seleniumhq.org/exceptions/no_such_element.html
Build info: version: '2.49.1', revision: '808c23b0963853d375cbe54b90bbd052e2528a54', time: '2016-01-21 09:37:52'
System info: host: 'ATugushev-PC', ip: '172.16.135.60', os.name: 'Windows 7', os.arch: 'amd64', os.version: '6.1', java.version: '1.7.0_79'
*** Element info: {Using=xpath, value=.//*/text()[normalize-space(.) = "Apple iPhone 5S 16Gb"]/parent::*}
Session ID: 52ce915d-2459-4ac0-bdca-98c90aa8e1c0
Driver info: org.openqa.selenium.firefox.FirefoxDriver
Capabilities [{platform=WINDOWS, acceptSslCerts=true, javascriptEnabled=true, cssSelectorsEnabled=true, databaseEnabled=true, browserName=firefox, handlesAlerts=true, nativeEvents=false, webStorageEnabled=true, rotatable=false, locationContextEnabled=true, applicationCacheEnabled=true, takesScreenshot=true, version=44.0.2}]
	at sun.reflect.GeneratedConstructorAccessor10.newInstance(Unknown Source)
	at sun.reflect.DelegatingConstructorAccessorImpl.newInstance(DelegatingConstructorAccessorImpl.java:45)
	at java.lang.reflect.Constructor.newInstance(Constructor.java:526)
	at org.openqa.selenium.remote.ErrorHandler.createThrowable(ErrorHandler.java:206)
	at org.openqa.selenium.remote.ErrorHandler.throwIfResponseFailed(ErrorHandler.java:158)
	at org.openqa.selenium.remote.RemoteWebDriver.execute(RemoteWebDriver.java:678)
	at org.openqa.selenium.remote.RemoteWebDriver.findElement(RemoteWebDriver.java:363)
	at org.openqa.selenium.remote.RemoteWebDriver.findElementByXPath(RemoteWebDriver.java:500)
	at org.openqa.selenium.By$ByXPath.findElement(By.java:361)
	at org.openqa.selenium.remote.RemoteWebDriver.findElement(RemoteWebDriver.java:355)
	at com.codeborne.selenide.impl.WebElementSelector.findElement(WebElementSelector.java:28)
	at com.codeborne.selenide.impl.ElementFinder.getWebElement(ElementFinder.java:56)
	at com.codeborne.selenide.impl.WebElementSource.checkCondition(WebElementSource.java:44)
	... 38 more
Caused by: org.openqa.selenium.NoSuchElementException: Unable to locate element: {"method":"xpath","selector":".//*/text()[normalize-space(.) = \"Apple iPhone 5S 16Gb\"]/parent::*"}
For documentation on this error, please visit: http://seleniumhq.org/exceptions/no_such_element.html
Build info: version: '2.49.1', revision: '808c23b0963853d375cbe54b90bbd052e2528a54', time: '2016-01-21 09:37:52'
System info: host: 'ATugushev-PC', ip: '172.16.135.60', os.name: 'Windows 7', os.arch: 'amd64', os.version: '6.1', java.version: '1.7.0_79'
Driver info: driver.version: unknown
	at <anonymous class>.FirefoxDriver.prototype.findElementInternal_(file:///C:/Users/ATUGUS~1/AppData/Local/Temp/anonymous6517452860409242018webdriver-profile/extensions/fxdriver@googlecode.com/components/driver-component.js:10681)
	at <anonymous class>.FirefoxDriver.prototype.findElement(file:///C:/Users/ATUGUS~1/AppData/Local/Temp/anonymous6517452860409242018webdriver-profile/extensions/fxdriver@googlecode.com/components/driver-component.js:10690)
	at <anonymous class>.DelayedCommand.prototype.executeInternal_/h(file:///C:/Users/ATUGUS~1/AppData/Local/Temp/anonymous6517452860409242018webdriver-profile/extensions/fxdriver@googlecode.com/components/command-processor.js:12557)
	at <anonymous class>.DelayedCommand.prototype.executeInternal_(file:///C:/Users/ATUGUS~1/AppData/Local/Temp/anonymous6517452860409242018webdriver-profile/extensions/fxdriver@googlecode.com/components/command-processor.js:12562)
	at <anonymous class>.DelayedCommand.prototype.execute/<(file:///C:/Users/ATUGUS~1/AppData/Local/Temp/anonymous6517452860409242018webdriver-profile/extensions/fxdriver@googlecode.com/components/command-processor.js:12504)

